<?xml version="1.0" encoding="UTF-8"?>
<!-- Generated by org.testng.reporters.JUnitXMLReporter -->
<testsuite ignored="0" hostname="DESKTOP-BM24KA3" failures="0" tests="4" name="Default test" time="0.078" errors="0" timestamp="2024-02-28T14:03:46 IST">
  <testcase classname="test.Day2" name="ThirdTest" time="0.008"/>
  <testcase classname="test.Day2" name="exDataPro" time="0.002"/>
  <testcase classname="test.Day2" name="exDataPro" time="0.002"/>
  <testcase classname="test.Day2" name="exDataPro" time="0.003"/>
</testsuite> <!-- Default test -->
